2024-05-30 18:47:41,187 [Worker-2: Loading available Gradle versions] INFO  o.e.b.c.i.u.g.PublishedGradleVersions - Gradle version information cache is up-to-date. Trying to read.
2024-05-30 18:52:39,533 [Worker-6: Import Getting Started Content] INFO  o.e.m.c.i.l.LifecycleMappingFactory - Using org.eclipse.m2e.jdt.JarLifecycleMapping lifecycle mapping for MavenProject: com.example:com.br.BackendRPWPFlix:0.0.1-SNAPSHOT @ C:\Users\nurag\OneDrive\햞ea de Trabalho\FilmeRepository\com.br.BackendRPWPFlix\pom.xml.
2024-05-30 18:52:45,429 [Worker-6: Import Getting Started Content] INFO  o.e.m.j.i.AbstractJavaProjectConfigurator - Adding source folder /com.br.BackendRPWPFlix/src/main/java
2024-05-30 18:52:45,434 [Worker-6: Import Getting Started Content] INFO  o.e.m.j.i.AbstractJavaProjectConfigurator - Adding resource folder /com.br.BackendRPWPFlix/src/main/resources
2024-05-30 18:52:45,457 [Worker-6: Import Getting Started Content] INFO  o.e.m.j.i.AbstractJavaProjectConfigurator - Adding resource folder /com.br.BackendRPWPFlix/src/main/resources
2024-05-30 18:52:45,481 [Worker-6: Import Getting Started Content] INFO  o.e.m.j.i.AbstractJavaProjectConfigurator - Adding source folder /com.br.BackendRPWPFlix/src/test/java
2024-05-30 18:52:45,483 [Worker-6: Import Getting Started Content] INFO  o.e.m.j.i.AbstractJavaProjectConfigurator - Adding resource folder /com.br.BackendRPWPFlix/src/test/resources
2024-05-30 18:52:48,192 [Worker-6: Import Getting Started Content] INFO  o.e.m.c.i.p.ProjectConfigurationManager - Imported and configured 1 project(s) in 18 sec
2024-05-30 18:52:48,198 [Worker-6: Import Getting Started Content] INFO  o.e.m.c.i.p.ProjectConfigurationManager - Update started
2024-05-30 18:52:49,670 [Worker-6: Import Getting Started Content] INFO  o.e.m.c.i.l.LifecycleMappingFactory - Using org.eclipse.m2e.jdt.JarLifecycleMapping lifecycle mapping for MavenProject: com.example:com.br.BackendRPWPFlix:0.0.1-SNAPSHOT @ C:\Users\nurag\OneDrive\햞ea de Trabalho\FilmeRepository\com.br.BackendRPWPFlix\pom.xml.
2024-05-30 18:52:52,353 [Worker-6: Import Getting Started Content] INFO  o.e.m.j.i.AbstractJavaProjectConfigurator - Adding source folder /com.br.BackendRPWPFlix/src/main/java
2024-05-30 18:52:52,355 [Worker-6: Import Getting Started Content] INFO  o.e.m.j.i.AbstractJavaProjectConfigurator - Adding resource folder /com.br.BackendRPWPFlix/src/main/resources
2024-05-30 18:52:52,358 [Worker-6: Import Getting Started Content] INFO  o.e.m.j.i.AbstractJavaProjectConfigurator - Adding resource folder /com.br.BackendRPWPFlix/src/main/resources
2024-05-30 18:52:52,379 [Worker-6: Import Getting Started Content] INFO  o.e.m.j.i.AbstractJavaProjectConfigurator - Adding source folder /com.br.BackendRPWPFlix/src/test/java
2024-05-30 18:52:52,399 [Worker-6: Import Getting Started Content] INFO  o.e.m.j.i.AbstractJavaProjectConfigurator - Adding resource folder /com.br.BackendRPWPFlix/src/test/resources
2024-05-30 18:52:54,082 [Worker-6: Import Getting Started Content] INFO  o.e.m.c.i.p.ProjectConfigurationManager - Update completed for 1 poms: local refresh takes 0,00 sec, refresh facades takes 4,00 sec, update config takes 1,00 sec 
2024-05-30 18:52:56,519 [Worker-9: Building] INFO  o.a.m.s.f.DefaultMavenResourcesFiltering - Copying 1 resource from src\main\resources to target\classes
2024-05-30 18:52:56,580 [Worker-9: Building] INFO  o.a.m.s.f.DefaultMavenResourcesFiltering - Copying 0 resource from src\main\resources to target\classes
2024-05-30 18:52:56,590 [Worker-9: Building] INFO  o.a.m.s.f.DefaultMavenResourcesFiltering - skip non existing resourceDirectory C:\Users\nurag\OneDrive\햞ea de Trabalho\FilmeRepository\com.br.BackendRPWPFlix\src\test\resources
2024-05-30 18:56:10,508 [Worker-11: Building] INFO  o.a.m.s.f.DefaultMavenResourcesFiltering - Copying 1 resource from src\main\resources to target\classes
2024-05-30 18:56:10,541 [Worker-11: Building] INFO  o.a.m.s.f.DefaultMavenResourcesFiltering - Copying 0 resource from src\main\resources to target\classes
2024-05-30 18:56:10,549 [Worker-11: Building] INFO  o.a.m.s.f.DefaultMavenResourcesFiltering - skip non existing resourceDirectory C:\Users\nurag\OneDrive\햞ea de Trabalho\FilmeRepository\com.br.BackendRPWPFlix\src\test\resources
2024-05-30 18:56:24,786 [Worker-12: Building] INFO  o.e.m.c.i.l.LifecycleMappingFactory - Using org.eclipse.m2e.jdt.JarLifecycleMapping lifecycle mapping for MavenProject: com.example:com.br.BackendRPWPFlix:0.0.1-SNAPSHOT @ C:\Users\nurag\OneDrive\햞ea de Trabalho\FilmeRepository\BackendRPWPFlix\pom.xml.
2024-05-30 18:56:29,173 [Worker-12: Building] INFO  o.a.m.s.f.DefaultMavenResourcesFiltering - Copying 1 resource from src\main\resources to target\classes
2024-05-30 18:56:29,205 [Worker-12: Building] INFO  o.a.m.s.f.DefaultMavenResourcesFiltering - Copying 0 resource from src\main\resources to target\classes
2024-05-30 18:56:29,214 [Worker-12: Building] INFO  o.a.m.s.f.DefaultMavenResourcesFiltering - skip non existing resourceDirectory C:\Users\nurag\OneDrive\햞ea de Trabalho\FilmeRepository\BackendRPWPFlix\src\test\resources
2024-05-30 18:56:31,291 [Worker-9: Building] INFO  o.a.m.s.f.DefaultMavenResourcesFiltering - Copying 1 resource from src\main\resources to target\classes
2024-05-30 18:56:31,297 [Worker-9: Building] INFO  o.a.m.s.f.DefaultMavenResourcesFiltering - Copying 0 resource from src\main\resources to target\classes
2024-05-30 18:56:31,305 [Worker-9: Building] INFO  o.a.m.s.f.DefaultMavenResourcesFiltering - skip non existing resourceDirectory C:\Users\nurag\OneDrive\햞ea de Trabalho\FilmeRepository\BackendRPWPFlix\src\test\resources
2024-05-30 19:18:42,097 [Worker-22: Building] INFO  o.a.m.s.f.DefaultMavenResourcesFiltering - Copying 1 resource from src\main\resources to target\classes
2024-05-30 19:18:42,386 [Worker-22: Building] INFO  o.a.m.s.f.DefaultMavenResourcesFiltering - Copying 0 resource from src\main\resources to target\classes
2024-05-30 19:18:42,406 [Worker-22: Building] INFO  o.a.m.s.f.DefaultMavenResourcesFiltering - skip non existing resourceDirectory C:\Users\nurag\OneDrive\햞ea de Trabalho\FilmeRepository\BackendRPWPFlix\src\test\resources
2024-05-30 19:20:39,796 [Worker-20: Building] INFO  o.a.m.s.f.DefaultMavenResourcesFiltering - Copying 1 resource from src\main\resources to target\classes
2024-05-30 19:20:39,807 [Worker-20: Building] INFO  o.a.m.s.f.DefaultMavenResourcesFiltering - Copying 0 resource from src\main\resources to target\classes
2024-05-30 19:20:39,815 [Worker-20: Building] INFO  o.a.m.s.f.DefaultMavenResourcesFiltering - skip non existing resourceDirectory C:\Users\nurag\OneDrive\햞ea de Trabalho\FilmeRepository\BackendRPWPFlix\src\test\resources
2024-05-30 19:21:09,711 [Worker-19: Building] INFO  o.a.m.s.f.DefaultMavenResourcesFiltering - Copying 1 resource from src\main\resources to target\classes
2024-05-30 19:21:09,724 [Worker-19: Building] INFO  o.a.m.s.f.DefaultMavenResourcesFiltering - Copying 0 resource from src\main\resources to target\classes
2024-05-30 19:21:09,764 [Worker-19: Building] INFO  o.a.m.s.f.DefaultMavenResourcesFiltering - skip non existing resourceDirectory C:\Users\nurag\OneDrive\햞ea de Trabalho\FilmeRepository\BackendRPWPFlix\src\test\resources
2024-05-30 19:22:16,295 [Worker-22: Building] INFO  o.a.m.s.f.DefaultMavenResourcesFiltering - Copying 1 resource from src\main\resources to target\classes
2024-05-30 19:22:16,584 [Worker-22: Building] INFO  o.a.m.s.f.DefaultMavenResourcesFiltering - Copying 0 resource from src\main\resources to target\classes
2024-05-30 19:22:16,597 [Worker-22: Building] INFO  o.a.m.s.f.DefaultMavenResourcesFiltering - skip non existing resourceDirectory C:\Users\nurag\OneDrive\햞ea de Trabalho\FilmeRepository\BackendRPWPFlix\src\test\resources
2024-05-30 19:22:46,720 [Worker-22: Building] INFO  o.a.m.s.f.DefaultMavenResourcesFiltering - Copying 1 resource from src\main\resources to target\classes
2024-05-30 19:22:47,026 [Worker-22: Building] INFO  o.a.m.s.f.DefaultMavenResourcesFiltering - Copying 0 resource from src\main\resources to target\classes
2024-05-30 19:22:47,034 [Worker-22: Building] INFO  o.a.m.s.f.DefaultMavenResourcesFiltering - skip non existing resourceDirectory C:\Users\nurag\OneDrive\햞ea de Trabalho\FilmeRepository\BackendRPWPFlix\src\test\resources
2024-05-30 19:23:06,228 [Worker-23: Building] INFO  o.a.m.s.f.DefaultMavenResourcesFiltering - Copying 1 resource from src\main\resources to target\classes
2024-05-30 19:23:06,556 [Worker-23: Building] INFO  o.a.m.s.f.DefaultMavenResourcesFiltering - Copying 0 resource from src\main\resources to target\classes
2024-05-30 19:23:06,567 [Worker-23: Building] INFO  o.a.m.s.f.DefaultMavenResourcesFiltering - skip non existing resourceDirectory C:\Users\nurag\OneDrive\햞ea de Trabalho\FilmeRepository\BackendRPWPFlix\src\test\resources
2024-05-30 19:23:18,339 [Worker-22: Building] INFO  o.a.m.s.f.DefaultMavenResourcesFiltering - Copying 1 resource from src\main\resources to target\classes
2024-05-30 19:23:18,689 [Worker-22: Building] INFO  o.a.m.s.f.DefaultMavenResourcesFiltering - Copying 0 resource from src\main\resources to target\classes
2024-05-30 19:23:18,701 [Worker-22: Building] INFO  o.a.m.s.f.DefaultMavenResourcesFiltering - skip non existing resourceDirectory C:\Users\nurag\OneDrive\햞ea de Trabalho\FilmeRepository\BackendRPWPFlix\src\test\resources
2024-05-30 19:23:29,235 [Worker-16: Building] INFO  o.a.m.s.f.DefaultMavenResourcesFiltering - Copying 1 resource from src\main\resources to target\classes
2024-05-30 19:23:29,247 [Worker-16: Building] INFO  o.a.m.s.f.DefaultMavenResourcesFiltering - Copying 0 resource from src\main\resources to target\classes
2024-05-30 19:23:29,256 [Worker-16: Building] INFO  o.a.m.s.f.DefaultMavenResourcesFiltering - skip non existing resourceDirectory C:\Users\nurag\OneDrive\햞ea de Trabalho\FilmeRepository\BackendRPWPFlix\src\test\resources
2024-05-30 19:24:53,307 [Worker-16: Building] INFO  o.a.m.s.f.DefaultMavenResourcesFiltering - Copying 1 resource from src\main\resources to target\classes
2024-05-30 19:24:53,347 [Worker-16: Building] INFO  o.a.m.s.f.DefaultMavenResourcesFiltering - Copying 0 resource from src\main\resources to target\classes
2024-05-30 19:24:53,358 [Worker-16: Building] INFO  o.a.m.s.f.DefaultMavenResourcesFiltering - skip non existing resourceDirectory C:\Users\nurag\OneDrive\햞ea de Trabalho\FilmeRepository\BackendRPWPFlix\src\test\resources
2024-05-30 19:25:46,498 [Worker-16: Building] INFO  o.a.m.s.f.DefaultMavenResourcesFiltering - Copying 1 resource from src\main\resources to target\classes
2024-05-30 19:25:46,517 [Worker-16: Building] INFO  o.a.m.s.f.DefaultMavenResourcesFiltering - Copying 0 resource from src\main\resources to target\classes
2024-05-30 19:25:46,523 [Worker-16: Building] INFO  o.a.m.s.f.DefaultMavenResourcesFiltering - skip non existing resourceDirectory C:\Users\nurag\OneDrive\햞ea de Trabalho\FilmeRepository\BackendRPWPFlix\src\test\resources
2024-05-30 19:32:35,428 [Worker-19: Building] INFO  o.e.m.c.i.l.LifecycleMappingFactory - Using org.eclipse.m2e.jdt.JarLifecycleMapping lifecycle mapping for MavenProject: com.example:com.br.BackendRPWPFlix:0.0.1-SNAPSHOT @ C:\Users\nurag\OneDrive\햞ea de Trabalho\FilmeRepository\BackendRPWPFlix\pom.xml.
2024-05-30 19:32:37,630 [Worker-19: Building] INFO  o.a.m.s.f.DefaultMavenResourcesFiltering - Copying 0 resource from src\main\resources to target\classes
2024-05-30 19:32:37,633 [Worker-19: Building] INFO  o.a.m.s.f.DefaultMavenResourcesFiltering - Copying 0 resource from src\main\resources to target\classes
2024-05-30 19:32:37,643 [Worker-19: Building] INFO  o.a.m.s.f.DefaultMavenResourcesFiltering - skip non existing resourceDirectory C:\Users\nurag\OneDrive\햞ea de Trabalho\FilmeRepository\BackendRPWPFlix\src\test\resources
2024-05-30 19:32:39,450 [Worker-28: Building] INFO  o.a.m.s.f.DefaultMavenResourcesFiltering - Copying 1 resource from src\main\resources to target\classes
2024-05-30 19:32:39,489 [Worker-28: Building] INFO  o.a.m.s.f.DefaultMavenResourcesFiltering - Copying 0 resource from src\main\resources to target\classes
2024-05-30 19:32:39,495 [Worker-28: Building] INFO  o.a.m.s.f.DefaultMavenResourcesFiltering - skip non existing resourceDirectory C:\Users\nurag\OneDrive\햞ea de Trabalho\FilmeRepository\BackendRPWPFlix\src\test\resources
2024-05-30 19:34:15,629 [Worker-32: Building] INFO  o.a.m.s.f.DefaultMavenResourcesFiltering - Copying 1 resource from src\main\resources to target\classes
2024-05-30 19:34:15,702 [Worker-32: Building] INFO  o.a.m.s.f.DefaultMavenResourcesFiltering - Copying 0 resource from src\main\resources to target\classes
2024-05-30 19:34:15,728 [Worker-32: Building] INFO  o.a.m.s.f.DefaultMavenResourcesFiltering - skip non existing resourceDirectory C:\Users\nurag\OneDrive\햞ea de Trabalho\FilmeRepository\BackendRPWPFlix\src\test\resources
2024-05-30 19:41:02,350 [Worker-34: Building] INFO  o.a.m.s.f.DefaultMavenResourcesFiltering - Copying 0 resource from src\main\resources to target\classes
2024-05-30 19:41:02,355 [Worker-34: Building] INFO  o.a.m.s.f.DefaultMavenResourcesFiltering - Copying 0 resource from src\main\resources to target\classes
2024-05-30 19:41:02,361 [Worker-34: Building] INFO  o.a.m.s.f.DefaultMavenResourcesFiltering - skip non existing resourceDirectory C:\Users\nurag\OneDrive\햞ea de Trabalho\FilmeRepository\BackendRPWPFlix\src\test\resources
2024-05-30 19:41:02,563 [Worker-31: Building] INFO  o.a.m.s.f.DefaultMavenResourcesFiltering - Copying 0 resource from src\main\resources to target\classes
2024-05-30 19:41:02,566 [Worker-31: Building] INFO  o.a.m.s.f.DefaultMavenResourcesFiltering - Copying 0 resource from src\main\resources to target\classes
2024-05-30 19:41:02,573 [Worker-31: Building] INFO  o.a.m.s.f.DefaultMavenResourcesFiltering - skip non existing resourceDirectory C:\Users\nurag\OneDrive\햞ea de Trabalho\FilmeRepository\BackendRPWPFlix\src\test\resources
2024-05-30 19:41:05,180 [Worker-35: Building] INFO  o.a.m.s.f.DefaultMavenResourcesFiltering - Copying 0 resource from src\main\resources to target\classes
2024-05-30 19:41:05,183 [Worker-35: Building] INFO  o.a.m.s.f.DefaultMavenResourcesFiltering - Copying 0 resource from src\main\resources to target\classes
2024-05-30 19:41:05,195 [Worker-35: Building] INFO  o.a.m.s.f.DefaultMavenResourcesFiltering - skip non existing resourceDirectory C:\Users\nurag\OneDrive\햞ea de Trabalho\FilmeRepository\BackendRPWPFlix\src\test\resources
2024-05-30 19:46:54,051 [Worker-37: Building] INFO  o.a.m.s.f.DefaultMavenResourcesFiltering - Copying 1 resource from src\main\resources to target\classes
2024-05-30 19:46:54,574 [Worker-37: Building] INFO  o.a.m.s.f.DefaultMavenResourcesFiltering - Copying 0 resource from src\main\resources to target\classes
2024-05-30 19:46:54,579 [Worker-37: Building] INFO  o.a.m.s.f.DefaultMavenResourcesFiltering - skip non existing resourceDirectory C:\Users\nurag\OneDrive\햞ea de Trabalho\FilmeRepository\BackendRPWPFlix\src\test\resources
2024-05-30 19:47:23,630 [Worker-38: Building] INFO  o.a.m.s.f.DefaultMavenResourcesFiltering - Copying 1 resource from src\main\resources to target\classes
2024-05-30 19:47:23,790 [Worker-38: Building] INFO  o.a.m.s.f.DefaultMavenResourcesFiltering - Copying 0 resource from src\main\resources to target\classes
2024-05-30 19:47:23,798 [Worker-38: Building] INFO  o.a.m.s.f.DefaultMavenResourcesFiltering - skip non existing resourceDirectory C:\Users\nurag\OneDrive\햞ea de Trabalho\FilmeRepository\BackendRPWPFlix\src\test\resources
2024-05-30 19:51:12,107 [Worker-36: Building] INFO  o.e.m.c.i.l.LifecycleMappingFactory - Using org.eclipse.m2e.jdt.JarLifecycleMapping lifecycle mapping for MavenProject: com.example:com.br.BackendRPWPFlix:0.0.1-SNAPSHOT @ C:\Users\nurag\OneDrive\햞ea de Trabalho\FilmeRepository\BackendRPWPFlix\pom.xml.
2024-05-30 19:51:13,968 [Worker-36: Building] INFO  o.a.m.s.f.DefaultMavenResourcesFiltering - Copying 0 resource from src\main\resources to target\classes
2024-05-30 19:51:13,971 [Worker-36: Building] INFO  o.a.m.s.f.DefaultMavenResourcesFiltering - Copying 0 resource from src\main\resources to target\classes
2024-05-30 19:51:13,979 [Worker-36: Building] INFO  o.a.m.s.f.DefaultMavenResourcesFiltering - skip non existing resourceDirectory C:\Users\nurag\OneDrive\햞ea de Trabalho\FilmeRepository\BackendRPWPFlix\src\test\resources
2024-05-30 19:51:15,433 [Worker-40: Building] INFO  o.a.m.s.f.DefaultMavenResourcesFiltering - Copying 1 resource from src\main\resources to target\classes
2024-05-30 19:51:15,471 [Worker-40: Building] INFO  o.a.m.s.f.DefaultMavenResourcesFiltering - Copying 0 resource from src\main\resources to target\classes
2024-05-30 19:51:15,478 [Worker-40: Building] INFO  o.a.m.s.f.DefaultMavenResourcesFiltering - skip non existing resourceDirectory C:\Users\nurag\OneDrive\햞ea de Trabalho\FilmeRepository\BackendRPWPFlix\src\test\resources
2024-05-30 20:04:36,831 [Worker-52: Launching BackendRPWPFlix - Application] INFO  o.a.m.s.f.DefaultMavenResourcesFiltering - Copying 1 resource from src\main\resources to target\classes
2024-05-30 20:04:36,861 [Worker-52: Launching BackendRPWPFlix - Application] INFO  o.a.m.s.f.DefaultMavenResourcesFiltering - Copying 0 resource from src\main\resources to target\classes
2024-05-30 20:04:36,867 [Worker-52: Launching BackendRPWPFlix - Application] INFO  o.a.m.s.f.DefaultMavenResourcesFiltering - skip non existing resourceDirectory C:\Users\nurag\OneDrive\햞ea de Trabalho\FilmeRepository\BackendRPWPFlix\src\test\resources
2024-05-30 20:10:19,283 [Worker-55: Building] INFO  o.a.m.s.f.DefaultMavenResourcesFiltering - Copying 1 resource from src\main\resources to target\classes
2024-05-30 20:10:19,453 [Worker-55: Building] INFO  o.a.m.s.f.DefaultMavenResourcesFiltering - Copying 0 resource from src\main\resources to target\classes
2024-05-30 20:10:19,460 [Worker-55: Building] INFO  o.a.m.s.f.DefaultMavenResourcesFiltering - skip non existing resourceDirectory C:\Users\nurag\OneDrive\햞ea de Trabalho\FilmeRepository\BackendRPWPFlix\src\test\resources
2024-05-30 20:11:14,375 [Worker-56: Building] INFO  o.a.m.s.f.DefaultMavenResourcesFiltering - Copying 1 resource from src\main\resources to target\classes
2024-05-30 20:11:14,557 [Worker-56: Building] INFO  o.a.m.s.f.DefaultMavenResourcesFiltering - Copying 0 resource from src\main\resources to target\classes
2024-05-30 20:11:14,562 [Worker-56: Building] INFO  o.a.m.s.f.DefaultMavenResourcesFiltering - skip non existing resourceDirectory C:\Users\nurag\OneDrive\햞ea de Trabalho\FilmeRepository\BackendRPWPFlix\src\test\resources
2024-05-30 20:13:43,724 [Worker-59: Building] INFO  o.a.m.s.f.DefaultMavenResourcesFiltering - Copying 1 resource from src\main\resources to target\classes
2024-05-30 20:13:44,043 [Worker-59: Building] INFO  o.a.m.s.f.DefaultMavenResourcesFiltering - Copying 0 resource from src\main\resources to target\classes
2024-05-30 20:13:44,051 [Worker-59: Building] INFO  o.a.m.s.f.DefaultMavenResourcesFiltering - skip non existing resourceDirectory C:\Users\nurag\OneDrive\햞ea de Trabalho\FilmeRepository\BackendRPWPFlix\src\test\resources
2024-05-30 20:13:57,793 [Worker-55: Building] INFO  o.a.m.s.f.DefaultMavenResourcesFiltering - Copying 1 resource from src\main\resources to target\classes
2024-05-30 20:13:57,847 [Worker-55: Building] INFO  o.a.m.s.f.DefaultMavenResourcesFiltering - Copying 0 resource from src\main\resources to target\classes
2024-05-30 20:13:57,858 [Worker-55: Building] INFO  o.a.m.s.f.DefaultMavenResourcesFiltering - skip non existing resourceDirectory C:\Users\nurag\OneDrive\햞ea de Trabalho\FilmeRepository\BackendRPWPFlix\src\test\resources
2024-05-30 20:16:11,966 [Worker-57: Building] INFO  o.a.m.s.f.DefaultMavenResourcesFiltering - Copying 1 resource from src\main\resources to target\classes
2024-05-30 20:16:11,981 [Worker-57: Building] INFO  o.a.m.s.f.DefaultMavenResourcesFiltering - Copying 0 resource from src\main\resources to target\classes
2024-05-30 20:16:11,993 [Worker-57: Building] INFO  o.a.m.s.f.DefaultMavenResourcesFiltering - skip non existing resourceDirectory C:\Users\nurag\OneDrive\햞ea de Trabalho\FilmeRepository\BackendRPWPFlix\src\test\resources
2024-05-30 20:16:14,683 [Worker-47: Building] INFO  o.a.m.s.f.DefaultMavenResourcesFiltering - Copying 1 resource from src\main\resources to target\classes
2024-05-30 20:16:14,733 [Worker-47: Building] INFO  o.a.m.s.f.DefaultMavenResourcesFiltering - Copying 0 resource from src\main\resources to target\classes
2024-05-30 20:16:14,738 [Worker-47: Building] INFO  o.a.m.s.f.DefaultMavenResourcesFiltering - skip non existing resourceDirectory C:\Users\nurag\OneDrive\햞ea de Trabalho\FilmeRepository\BackendRPWPFlix\src\test\resources
2024-05-30 20:17:50,814 [Worker-55: Building] INFO  o.a.m.s.f.DefaultMavenResourcesFiltering - Copying 1 resource from src\main\resources to target\classes
2024-05-30 20:17:50,825 [Worker-55: Building] INFO  o.a.m.s.f.DefaultMavenResourcesFiltering - Copying 0 resource from src\main\resources to target\classes
2024-05-30 20:17:50,830 [Worker-55: Building] INFO  o.a.m.s.f.DefaultMavenResourcesFiltering - skip non existing resourceDirectory C:\Users\nurag\OneDrive\햞ea de Trabalho\FilmeRepository\BackendRPWPFlix\src\test\resources
2024-05-30 20:19:08,751 [Worker-59: Building] INFO  o.a.m.s.f.DefaultMavenResourcesFiltering - Copying 1 resource from src\main\resources to target\classes
2024-05-30 20:19:08,811 [Worker-59: Building] INFO  o.a.m.s.f.DefaultMavenResourcesFiltering - Copying 0 resource from src\main\resources to target\classes
2024-05-30 20:19:08,816 [Worker-59: Building] INFO  o.a.m.s.f.DefaultMavenResourcesFiltering - skip non existing resourceDirectory C:\Users\nurag\OneDrive\햞ea de Trabalho\FilmeRepository\BackendRPWPFlix\src\test\resources
2024-05-30 20:19:26,901 [Worker-61: Building] INFO  o.a.m.s.f.DefaultMavenResourcesFiltering - Copying 1 resource from src\main\resources to target\classes
2024-05-30 20:19:26,964 [Worker-61: Building] INFO  o.a.m.s.f.DefaultMavenResourcesFiltering - Copying 0 resource from src\main\resources to target\classes
2024-05-30 20:19:26,968 [Worker-61: Building] INFO  o.a.m.s.f.DefaultMavenResourcesFiltering - skip non existing resourceDirectory C:\Users\nurag\OneDrive\햞ea de Trabalho\FilmeRepository\BackendRPWPFlix\src\test\resources
2024-05-30 20:19:43,607 [Worker-60: Building] INFO  o.a.m.s.f.DefaultMavenResourcesFiltering - Copying 1 resource from src\main\resources to target\classes
2024-05-30 20:19:43,691 [Worker-60: Building] INFO  o.a.m.s.f.DefaultMavenResourcesFiltering - Copying 0 resource from src\main\resources to target\classes
2024-05-30 20:19:43,699 [Worker-60: Building] INFO  o.a.m.s.f.DefaultMavenResourcesFiltering - skip non existing resourceDirectory C:\Users\nurag\OneDrive\햞ea de Trabalho\FilmeRepository\BackendRPWPFlix\src\test\resources
2024-05-30 20:24:05,523 [Worker-56: Building] INFO  o.a.m.s.f.DefaultMavenResourcesFiltering - Copying 1 resource from src\main\resources to target\classes
2024-05-30 20:24:05,533 [Worker-56: Building] INFO  o.a.m.s.f.DefaultMavenResourcesFiltering - Copying 0 resource from src\main\resources to target\classes
2024-05-30 20:24:05,539 [Worker-56: Building] INFO  o.a.m.s.f.DefaultMavenResourcesFiltering - skip non existing resourceDirectory C:\Users\nurag\OneDrive\햞ea de Trabalho\FilmeRepository\BackendRPWPFlix\src\test\resources
2024-05-30 20:25:34,248 [Worker-56: Building] INFO  o.a.m.s.f.DefaultMavenResourcesFiltering - Copying 1 resource from src\main\resources to target\classes
2024-05-30 20:25:34,281 [Worker-56: Building] INFO  o.a.m.s.f.DefaultMavenResourcesFiltering - Copying 0 resource from src\main\resources to target\classes
2024-05-30 20:25:34,287 [Worker-56: Building] INFO  o.a.m.s.f.DefaultMavenResourcesFiltering - skip non existing resourceDirectory C:\Users\nurag\OneDrive\햞ea de Trabalho\FilmeRepository\BackendRPWPFlix\src\test\resources
2024-05-30 20:28:56,786 [Worker-66: Building] INFO  o.a.m.s.f.DefaultMavenResourcesFiltering - Copying 1 resource from src\main\resources to target\classes
2024-05-30 20:28:56,799 [Worker-66: Building] INFO  o.a.m.s.f.DefaultMavenResourcesFiltering - Copying 0 resource from src\main\resources to target\classes
2024-05-30 20:28:56,805 [Worker-66: Building] INFO  o.a.m.s.f.DefaultMavenResourcesFiltering - skip non existing resourceDirectory C:\Users\nurag\OneDrive\햞ea de Trabalho\FilmeRepository\BackendRPWPFlix\src\test\resources
2024-05-30 20:29:02,567 [Worker-64: Building] INFO  o.a.m.s.f.DefaultMavenResourcesFiltering - Copying 1 resource from src\main\resources to target\classes
2024-05-30 20:29:02,604 [Worker-64: Building] INFO  o.a.m.s.f.DefaultMavenResourcesFiltering - Copying 0 resource from src\main\resources to target\classes
2024-05-30 20:29:02,638 [Worker-64: Building] INFO  o.a.m.s.f.DefaultMavenResourcesFiltering - skip non existing resourceDirectory C:\Users\nurag\OneDrive\햞ea de Trabalho\FilmeRepository\BackendRPWPFlix\src\test\resources
2024-05-30 20:31:35,228 [Worker-69: Building] INFO  o.a.m.s.f.DefaultMavenResourcesFiltering - Copying 1 resource from src\main\resources to target\classes
2024-05-30 20:31:35,234 [Worker-69: Building] INFO  o.a.m.s.f.DefaultMavenResourcesFiltering - Copying 0 resource from src\main\resources to target\classes
2024-05-30 20:31:35,239 [Worker-69: Building] INFO  o.a.m.s.f.DefaultMavenResourcesFiltering - skip non existing resourceDirectory C:\Users\nurag\OneDrive\햞ea de Trabalho\FilmeRepository\BackendRPWPFlix\src\test\resources
2024-05-30 20:32:04,278 [Worker-68: Building] INFO  o.a.m.s.f.DefaultMavenResourcesFiltering - Copying 1 resource from src\main\resources to target\classes
2024-05-30 20:32:04,287 [Worker-68: Building] INFO  o.a.m.s.f.DefaultMavenResourcesFiltering - Copying 0 resource from src\main\resources to target\classes
2024-05-30 20:32:04,292 [Worker-68: Building] INFO  o.a.m.s.f.DefaultMavenResourcesFiltering - skip non existing resourceDirectory C:\Users\nurag\OneDrive\햞ea de Trabalho\FilmeRepository\BackendRPWPFlix\src\test\resources
2024-05-30 20:32:24,018 [Worker-69: Building] INFO  o.a.m.s.f.DefaultMavenResourcesFiltering - Copying 1 resource from src\main\resources to target\classes
2024-05-30 20:32:24,029 [Worker-69: Building] INFO  o.a.m.s.f.DefaultMavenResourcesFiltering - Copying 0 resource from src\main\resources to target\classes
2024-05-30 20:32:24,044 [Worker-69: Building] INFO  o.a.m.s.f.DefaultMavenResourcesFiltering - skip non existing resourceDirectory C:\Users\nurag\OneDrive\햞ea de Trabalho\FilmeRepository\BackendRPWPFlix\src\test\resources
2024-05-30 20:32:44,160 [Worker-69: Building] INFO  o.a.m.s.f.DefaultMavenResourcesFiltering - Copying 1 resource from src\main\resources to target\classes
2024-05-30 20:32:44,171 [Worker-69: Building] INFO  o.a.m.s.f.DefaultMavenResourcesFiltering - Copying 0 resource from src\main\resources to target\classes
2024-05-30 20:32:44,177 [Worker-69: Building] INFO  o.a.m.s.f.DefaultMavenResourcesFiltering - skip non existing resourceDirectory C:\Users\nurag\OneDrive\햞ea de Trabalho\FilmeRepository\BackendRPWPFlix\src\test\resources
2024-05-30 20:33:12,128 [Worker-69: Building] INFO  o.a.m.s.f.DefaultMavenResourcesFiltering - Copying 1 resource from src\main\resources to target\classes
2024-05-30 20:33:12,136 [Worker-69: Building] INFO  o.a.m.s.f.DefaultMavenResourcesFiltering - Copying 0 resource from src\main\resources to target\classes
2024-05-30 20:33:12,141 [Worker-69: Building] INFO  o.a.m.s.f.DefaultMavenResourcesFiltering - skip non existing resourceDirectory C:\Users\nurag\OneDrive\햞ea de Trabalho\FilmeRepository\BackendRPWPFlix\src\test\resources
2024-06-07 16:54:35,888 [Worker-2: Loading available Gradle versions] INFO  o.e.b.c.i.u.g.PublishedGradleVersions - Gradle version information cache is out-of-date. Trying to update.
2024-06-07 17:04:23,543 [Worker-14: Launching BackendRPWPFlix - Application] INFO  o.a.m.s.f.DefaultMavenResourcesFiltering - Copying 1 resource from src\main\resources to target\classes
2024-06-07 17:04:23,598 [Worker-14: Launching BackendRPWPFlix - Application] INFO  o.a.m.s.f.DefaultMavenResourcesFiltering - Copying 0 resource from src\main\resources to target\classes
2024-06-07 17:04:23,612 [Worker-14: Launching BackendRPWPFlix - Application] INFO  o.a.m.s.f.DefaultMavenResourcesFiltering - skip non existing resourceDirectory C:\Users\nurag\OneDrive\햞ea de Trabalho\FilmeRepository\BackendRPWPFlix\src\test\resources
2024-06-08 15:05:35,350 [Worker-2: Loading available Gradle versions] INFO  o.e.b.c.i.u.g.PublishedGradleVersions - Gradle version information cache is up-to-date. Trying to read.
2024-06-09 15:17:57,571 [Worker-10: Launching BackendRPWPFlix - Application] INFO  o.a.m.s.f.DefaultMavenResourcesFiltering - Copying 1 resource from src\main\resources to target\classes
2024-06-09 15:17:57,632 [Worker-10: Launching BackendRPWPFlix - Application] INFO  o.a.m.s.f.DefaultMavenResourcesFiltering - Copying 0 resource from src\main\resources to target\classes
2024-06-09 15:17:57,645 [Worker-10: Launching BackendRPWPFlix - Application] INFO  o.a.m.s.f.DefaultMavenResourcesFiltering - skip non existing resourceDirectory C:\Users\nurag\OneDrive\햞ea de Trabalho\FilmeRepository\BackendRPWPFlix\src\test\resources
2024-06-09 15:49:21,372 [Worker-20: Building] INFO  o.a.m.s.f.DefaultMavenResourcesFiltering - Copying 1 resource from src\main\resources to target\classes
2024-06-09 15:49:21,494 [Worker-20: Building] INFO  o.a.m.s.f.DefaultMavenResourcesFiltering - Copying 0 resource from src\main\resources to target\classes
2024-06-09 15:49:21,505 [Worker-20: Building] INFO  o.a.m.s.f.DefaultMavenResourcesFiltering - skip non existing resourceDirectory C:\Users\nurag\OneDrive\햞ea de Trabalho\FilmeRepository\BackendRPWPFlix\src\test\resources
2024-06-09 15:54:15,430 [Worker-20: Building] INFO  o.a.m.s.f.DefaultMavenResourcesFiltering - Copying 1 resource from src\main\resources to target\classes
2024-06-09 15:54:15,516 [Worker-20: Building] INFO  o.a.m.s.f.DefaultMavenResourcesFiltering - Copying 0 resource from src\main\resources to target\classes
2024-06-09 15:54:15,522 [Worker-20: Building] INFO  o.a.m.s.f.DefaultMavenResourcesFiltering - skip non existing resourceDirectory C:\Users\nurag\OneDrive\햞ea de Trabalho\FilmeRepository\BackendRPWPFlix\src\test\resources
2024-06-09 15:55:09,012 [Worker-23: Building] INFO  o.a.m.s.f.DefaultMavenResourcesFiltering - Copying 1 resource from src\main\resources to target\classes
2024-06-09 15:55:09,068 [Worker-23: Building] INFO  o.a.m.s.f.DefaultMavenResourcesFiltering - Copying 0 resource from src\main\resources to target\classes
2024-06-09 15:55:09,076 [Worker-23: Building] INFO  o.a.m.s.f.DefaultMavenResourcesFiltering - skip non existing resourceDirectory C:\Users\nurag\OneDrive\햞ea de Trabalho\FilmeRepository\BackendRPWPFlix\src\test\resources
2024-06-09 15:55:34,394 [Worker-22: Building] INFO  o.a.m.s.f.DefaultMavenResourcesFiltering - Copying 1 resource from src\main\resources to target\classes
2024-06-09 15:55:34,413 [Worker-22: Building] INFO  o.a.m.s.f.DefaultMavenResourcesFiltering - Copying 0 resource from src\main\resources to target\classes
2024-06-09 15:55:34,420 [Worker-22: Building] INFO  o.a.m.s.f.DefaultMavenResourcesFiltering - skip non existing resourceDirectory C:\Users\nurag\OneDrive\햞ea de Trabalho\FilmeRepository\BackendRPWPFlix\src\test\resources
2024-06-09 15:56:47,304 [Worker-20: Building] INFO  o.a.m.s.f.DefaultMavenResourcesFiltering - Copying 1 resource from src\main\resources to target\classes
2024-06-09 15:56:47,337 [Worker-20: Building] INFO  o.a.m.s.f.DefaultMavenResourcesFiltering - Copying 0 resource from src\main\resources to target\classes
2024-06-09 15:56:47,345 [Worker-20: Building] INFO  o.a.m.s.f.DefaultMavenResourcesFiltering - skip non existing resourceDirectory C:\Users\nurag\OneDrive\햞ea de Trabalho\FilmeRepository\BackendRPWPFlix\src\test\resources
2024-06-09 15:58:51,010 [Worker-21: Building] INFO  o.a.m.s.f.DefaultMavenResourcesFiltering - Copying 1 resource from src\main\resources to target\classes
2024-06-09 15:58:51,025 [Worker-21: Building] INFO  o.a.m.s.f.DefaultMavenResourcesFiltering - Copying 0 resource from src\main\resources to target\classes
2024-06-09 15:58:51,038 [Worker-21: Building] INFO  o.a.m.s.f.DefaultMavenResourcesFiltering - skip non existing resourceDirectory C:\Users\nurag\OneDrive\햞ea de Trabalho\FilmeRepository\BackendRPWPFlix\src\test\resources
2024-06-09 16:05:14,752 [Worker-28: Building] INFO  o.a.m.s.f.DefaultMavenResourcesFiltering - Copying 1 resource from src\main\resources to target\classes
2024-06-09 16:05:14,765 [Worker-28: Building] INFO  o.a.m.s.f.DefaultMavenResourcesFiltering - Copying 0 resource from src\main\resources to target\classes
2024-06-09 16:05:14,776 [Worker-28: Building] INFO  o.a.m.s.f.DefaultMavenResourcesFiltering - skip non existing resourceDirectory C:\Users\nurag\OneDrive\햞ea de Trabalho\FilmeRepository\BackendRPWPFlix\src\test\resources
2024-06-09 21:41:31,809 [Worker-39: Building] INFO  o.a.m.s.f.DefaultMavenResourcesFiltering - Copying 1 resource from src\main\resources to target\classes
2024-06-09 21:41:32,161 [Worker-39: Building] INFO  o.a.m.s.f.DefaultMavenResourcesFiltering - Copying 0 resource from src\main\resources to target\classes
2024-06-09 21:41:32,173 [Worker-39: Building] INFO  o.a.m.s.f.DefaultMavenResourcesFiltering - skip non existing resourceDirectory C:\Users\nurag\OneDrive\햞ea de Trabalho\FilmeRepository\BackendRPWPFlix\src\test\resources
2024-06-15 12:11:20,619 [Worker-1: Loading available Gradle versions] INFO  o.e.b.c.i.u.g.PublishedGradleVersions - Gradle version information cache is up-to-date. Trying to read.
2024-06-15 12:12:34,778 [Worker-4: Building] INFO  o.a.m.s.f.DefaultMavenResourcesFiltering - Copying 1 resource from src\main\resources to target\classes
2024-06-15 12:12:34,947 [Worker-4: Building] INFO  o.a.m.s.f.DefaultMavenResourcesFiltering - Copying 0 resource from src\main\resources to target\classes
2024-06-15 12:12:34,959 [Worker-4: Building] INFO  o.a.m.s.f.DefaultMavenResourcesFiltering - skip non existing resourceDirectory C:\Users\nurag\WebApi-RPWPFlix\FilmeRepository\BackendRPWPFlix\src\test\resources
